c:\users\fahad\downloads\room_booking_system\room_booking_system\debug\vc120.pdb
c:\users\fahad\downloads\room_booking_system\room_booking_system\debug\vc120.idb
c:\users\fahad\downloads\room_booking_system\room_booking_system\debug\admin.obj
c:\users\fahad\downloads\room_booking_system\room_booking_system\debug\booking.obj
c:\users\fahad\downloads\room_booking_system\room_booking_system\debug\doublylinkedlist.obj
c:\users\fahad\downloads\room_booking_system\room_booking_system\debug\main.obj
c:\users\fahad\downloads\room_booking_system\room_booking_system\debug\member.obj
c:\users\fahad\downloads\room_booking_system\room_booking_system\debug\memberlist.obj
c:\users\fahad\downloads\room_booking_system\room_booking_system\debug\queue.obj
c:\users\fahad\downloads\room_booking_system\room_booking_system\debug\room.obj
c:\users\fahad\downloads\room_booking_system\room_booking_system\debug\roomlist.obj
c:\users\fahad\downloads\room_booking_system\room_booking_system\debug\stack.obj
c:\users\fahad\downloads\room_booking_system\debug\room_booking_system.ilk
c:\users\fahad\downloads\room_booking_system\debug\room_booking_system.exe
c:\users\fahad\downloads\room_booking_system\debug\room_booking_system.pdb
c:\users\fahad\downloads\room_booking_system\room_booking_system\debug\room_boo.ef9400ea.tlog\cl.command.1.tlog
c:\users\fahad\downloads\room_booking_system\room_booking_system\debug\room_boo.ef9400ea.tlog\cl.read.1.tlog
c:\users\fahad\downloads\room_booking_system\room_booking_system\debug\room_boo.ef9400ea.tlog\cl.write.1.tlog
c:\users\fahad\downloads\room_booking_system\room_booking_system\debug\room_boo.ef9400ea.tlog\link.command.1.tlog
c:\users\fahad\downloads\room_booking_system\room_booking_system\debug\room_boo.ef9400ea.tlog\link.read.1.tlog
c:\users\fahad\downloads\room_booking_system\room_booking_system\debug\room_boo.ef9400ea.tlog\link.write.1.tlog
